[
  {
    "level": "INFO",
    "message": "android.ndkVersion from module build.gradle is [25.2.9519653]"
  },
  {
    "level": "INFO",
    "message": "android.ndkPath from module build.gradle is not set"
  },
  {
    "level": "INFO",
    "message": "ndk.dir in local.properties is D:\\AndroidSDK\\Android\\Sdk\\ndk\\21.0.6113669"
  },
  {
    "level": "INFO",
    "message": "Not considering ANDROID_NDK_HOME because support was removed after deprecation period."
  },
  {
    "level": "INFO",
    "message": "sdkFolder is D:\\AndroidSDK\\Android\\Sdk"
  },
  {
    "level": "INFO",
    "message": "Folder D:\\AndroidSDK\\Android\\Sdk\\ndk\\21.0.6113669 does not exist. Ignoring."
  }
]